[debug] [2025-06-26T13:25:14.041Z] ----------------------------------------------------------------------
[debug] [2025-06-26T13:25:14.044Z] Command:       C:\Program Files\nodejs\node.exe C:\Users\umind\AppData\Roaming\npm\node_modules\firebase-tools\lib\bin\firebase.js deploy
[debug] [2025-06-26T13:25:14.045Z] CLI Version:   14.8.0
[debug] [2025-06-26T13:25:14.045Z] Platform:      win32
[debug] [2025-06-26T13:25:14.045Z] Node Version:  v22.16.0
[debug] [2025-06-26T13:25:14.046Z] Time:          Thu Jun 26 2025 18:55:14 GMT+0530 (India Standard Time)
[debug] [2025-06-26T13:25:14.046Z] ----------------------------------------------------------------------
[debug] 
[debug] [2025-06-26T13:25:14.419Z] > command requires scopes: ["email","openid","https://www.googleapis.com/auth/cloudplatformprojects.readonly","https://www.googleapis.com/auth/firebase","https://www.googleapis.com/auth/cloud-platform"]
[debug] [2025-06-26T13:25:14.419Z] > authorizing via signed-in user (uminda.h.aberathne@gmail.com)
[debug] [2025-06-26T13:25:14.420Z] [iam] checking project echo-journal-hnzep for permissions ["cloudfunctions.functions.create","cloudfunctions.functions.delete","cloudfunctions.functions.get","cloudfunctions.functions.list","cloudfunctions.functions.update","cloudfunctions.operations.get","datastore.indexes.create","datastore.indexes.delete","datastore.indexes.list","datastore.indexes.update","firebase.projects.get","firebasehosting.sites.update","firebaserules.releases.create","firebaserules.releases.update","firebaserules.rulesets.create",null]
[debug] [2025-06-26T13:25:14.421Z] Checked if tokens are valid: true, expires at: 1750947050641
[debug] [2025-06-26T13:25:14.421Z] Checked if tokens are valid: true, expires at: 1750947050641
[debug] [2025-06-26T13:25:14.422Z] >>> [apiv2][query] POST https://cloudresourcemanager.googleapis.com/v1/projects/echo-journal-hnzep:testIamPermissions [none]
[debug] [2025-06-26T13:25:14.422Z] >>> [apiv2][(partial)header] POST https://cloudresourcemanager.googleapis.com/v1/projects/echo-journal-hnzep:testIamPermissions x-goog-quota-user=projects/echo-journal-hnzep
[debug] [2025-06-26T13:25:14.423Z] >>> [apiv2][body] POST https://cloudresourcemanager.googleapis.com/v1/projects/echo-journal-hnzep:testIamPermissions {"permissions":["cloudfunctions.functions.create","cloudfunctions.functions.delete","cloudfunctions.functions.get","cloudfunctions.functions.list","cloudfunctions.functions.update","cloudfunctions.operations.get","datastore.indexes.create","datastore.indexes.delete","datastore.indexes.list","datastore.indexes.update","firebase.projects.get","firebasehosting.sites.update","firebaserules.releases.create","firebaserules.releases.update","firebaserules.rulesets.create",null]}
[debug] [2025-06-26T13:25:16.178Z] <<< [apiv2][status] POST https://cloudresourcemanager.googleapis.com/v1/projects/echo-journal-hnzep:testIamPermissions 200
[debug] [2025-06-26T13:25:16.179Z] <<< [apiv2][body] POST https://cloudresourcemanager.googleapis.com/v1/projects/echo-journal-hnzep:testIamPermissions {"permissions":["cloudfunctions.functions.create","cloudfunctions.functions.delete","cloudfunctions.functions.get","cloudfunctions.functions.list","cloudfunctions.functions.update","cloudfunctions.operations.get","datastore.indexes.create","datastore.indexes.delete","datastore.indexes.list","datastore.indexes.update","firebase.projects.get","firebasehosting.sites.update","firebaserules.releases.create","firebaserules.releases.update","firebaserules.rulesets.create"]}
[debug] [2025-06-26T13:25:16.179Z] [iam] error while checking permissions, command may fail: Authorization failed. This account is missing the following required permissions on project echo-journal-hnzep:

  
[debug] [2025-06-26T13:25:16.180Z] Checked if tokens are valid: true, expires at: 1750947050641
[debug] [2025-06-26T13:25:16.180Z] Checked if tokens are valid: true, expires at: 1750947050641
[debug] [2025-06-26T13:25:16.180Z] >>> [apiv2][query] POST https://iam.googleapis.com/v1/projects/echo-journal-hnzep/serviceAccounts/echo-journal-hnzep@appspot.gserviceaccount.com:testIamPermissions [none]
[debug] [2025-06-26T13:25:16.180Z] >>> [apiv2][body] POST https://iam.googleapis.com/v1/projects/echo-journal-hnzep/serviceAccounts/echo-journal-hnzep@appspot.gserviceaccount.com:testIamPermissions {"permissions":["iam.serviceAccounts.actAs"]}
[debug] [2025-06-26T13:25:18.175Z] <<< [apiv2][status] POST https://iam.googleapis.com/v1/projects/echo-journal-hnzep/serviceAccounts/echo-journal-hnzep@appspot.gserviceaccount.com:testIamPermissions 200
[debug] [2025-06-26T13:25:18.175Z] <<< [apiv2][body] POST https://iam.googleapis.com/v1/projects/echo-journal-hnzep/serviceAccounts/echo-journal-hnzep@appspot.gserviceaccount.com:testIamPermissions {"permissions":["iam.serviceAccounts.actAs"]}
[debug] [2025-06-26T13:25:18.175Z] Checked if tokens are valid: true, expires at: 1750947050641
[debug] [2025-06-26T13:25:18.175Z] Checked if tokens are valid: true, expires at: 1750947050641
[debug] [2025-06-26T13:25:18.176Z] >>> [apiv2][query] GET https://firebase.googleapis.com/v1beta1/projects/echo-journal-hnzep [none]
[debug] [2025-06-26T13:25:18.813Z] <<< [apiv2][status] GET https://firebase.googleapis.com/v1beta1/projects/echo-journal-hnzep 200
[debug] [2025-06-26T13:25:18.814Z] <<< [apiv2][body] GET https://firebase.googleapis.com/v1beta1/projects/echo-journal-hnzep {"projectId":"echo-journal-hnzep","projectNumber":"1043477246116","displayName":"Echo Journal","name":"projects/echo-journal-hnzep","resources":{"hostingSite":"echo-journal-hnzep"},"state":"ACTIVE","etag":"1_83643f12-7893-4d2a-bca6-94adc9e3d92e"}
[info] 
[info] === Deploying to 'echo-journal-hnzep'...
[info] 
[info] i  deploying storage, firestore, functions, hosting, apphosting 
[info] Running command: npm --prefix "$RESOURCE_DIR" run lint
[info] Running command: npm --prefix "$RESOURCE_DIR" run build
[info] +  functions: Finished running predeploy script. 
[info] i  storage: ensuring required API firebasestorage.googleapis.com is enabled... 
[debug] [2025-06-26T13:25:35.077Z] Checked if tokens are valid: true, expires at: 1750947050641
[debug] [2025-06-26T13:25:35.077Z] Checked if tokens are valid: true, expires at: 1750947050641
[debug] [2025-06-26T13:25:35.078Z] >>> [apiv2][query] GET https://firebasestorage.googleapis.com/v1alpha/projects/echo-journal-hnzep/defaultBucket [none]
[debug] [2025-06-26T13:25:36.707Z] <<< [apiv2][status] GET https://firebasestorage.googleapis.com/v1alpha/projects/echo-journal-hnzep/defaultBucket 200
[debug] [2025-06-26T13:25:36.707Z] <<< [apiv2][body] GET https://firebasestorage.googleapis.com/v1alpha/projects/echo-journal-hnzep/defaultBucket {"name":"projects/echo-journal-hnzep/defaultBucket","location":"US-CENTRAL1","bucket":{"name":"projects/echo-journal-hnzep/buckets/echo-journal-hnzep.firebasestorage.app"},"storageClass":"REGIONAL"}
[info] i  firebase.storage: checking storage.rules for compilation errors... 
[debug] [2025-06-26T13:25:36.711Z] Checked if tokens are valid: true, expires at: 1750947050641
[debug] [2025-06-26T13:25:36.711Z] Checked if tokens are valid: true, expires at: 1750947050641
[debug] [2025-06-26T13:25:36.712Z] >>> [apiv2][query] POST https://firebaserules.googleapis.com/v1/projects/echo-journal-hnzep:test [none]
[debug] [2025-06-26T13:25:36.713Z] >>> [apiv2][body] POST https://firebaserules.googleapis.com/v1/projects/echo-journal-hnzep:test [omitted]
[debug] [2025-06-26T13:25:38.535Z] <<< [apiv2][status] POST https://firebaserules.googleapis.com/v1/projects/echo-journal-hnzep:test 200
[debug] [2025-06-26T13:25:38.535Z] <<< [apiv2][body] POST https://firebaserules.googleapis.com/v1/projects/echo-journal-hnzep:test {}
[info] +  firebase.storage: rules file storage.rules compiled successfully 
[info] i  firestore: reading indexes from firestore.indexes.json... 
[info] i  cloud.firestore: checking firestore.rules for compilation errors... 
[debug] [2025-06-26T13:25:38.538Z] Checked if tokens are valid: true, expires at: 1750947050641
[debug] [2025-06-26T13:25:38.538Z] Checked if tokens are valid: true, expires at: 1750947050641
[debug] [2025-06-26T13:25:38.539Z] >>> [apiv2][query] POST https://firebaserules.googleapis.com/v1/projects/echo-journal-hnzep:test [none]
[debug] [2025-06-26T13:25:38.539Z] >>> [apiv2][body] POST https://firebaserules.googleapis.com/v1/projects/echo-journal-hnzep:test [omitted]
[debug] [2025-06-26T13:25:39.993Z] <<< [apiv2][status] POST https://firebaserules.googleapis.com/v1/projects/echo-journal-hnzep:test 200
[debug] [2025-06-26T13:25:39.993Z] <<< [apiv2][body] POST https://firebaserules.googleapis.com/v1/projects/echo-journal-hnzep:test {}
[info] +  cloud.firestore: rules file firestore.rules compiled successfully 
[debug] [2025-06-26T13:25:39.995Z] Checked if tokens are valid: true, expires at: 1750947050641
[debug] [2025-06-26T13:25:39.995Z] Checked if tokens are valid: true, expires at: 1750947050641
[debug] [2025-06-26T13:25:39.995Z] >>> [apiv2][query] GET https://serviceusage.googleapis.com/v1/projects/echo-journal-hnzep/services/cloudresourcemanager.googleapis.com [none]
[debug] [2025-06-26T13:25:39.995Z] >>> [apiv2][(partial)header] GET https://serviceusage.googleapis.com/v1/projects/echo-journal-hnzep/services/cloudresourcemanager.googleapis.com x-goog-quota-user=projects/echo-journal-hnzep
[debug] [2025-06-26T13:25:42.022Z] <<< [apiv2][status] GET https://serviceusage.googleapis.com/v1/projects/echo-journal-hnzep/services/cloudresourcemanager.googleapis.com 200
[debug] [2025-06-26T13:25:42.022Z] <<< [apiv2][body] GET https://serviceusage.googleapis.com/v1/projects/echo-journal-hnzep/services/cloudresourcemanager.googleapis.com [omitted]
[debug] [2025-06-26T13:25:42.030Z] Checked if tokens are valid: true, expires at: 1750947050641
[debug] [2025-06-26T13:25:42.031Z] Checked if tokens are valid: true, expires at: 1750947050641
[debug] [2025-06-26T13:25:42.031Z] >>> [apiv2][query] GET https://cloudresourcemanager.googleapis.com/v1/projects/echo-journal-hnzep [none]
[debug] [2025-06-26T13:25:43.734Z] <<< [apiv2][status] GET https://cloudresourcemanager.googleapis.com/v1/projects/echo-journal-hnzep 200
[debug] [2025-06-26T13:25:43.734Z] <<< [apiv2][body] GET https://cloudresourcemanager.googleapis.com/v1/projects/echo-journal-hnzep {"projectNumber":"1043477246116","projectId":"echo-journal-hnzep","lifecycleState":"ACTIVE","name":"Echo Journal","labels":{"monospace-workspace-id":"studio-82229702","firebase":"enabled","firebase-core":"disabled"},"createTime":"2025-04-10T17:25:07.120676Z"}
[info] i  functions: preparing codebase default for deployment 
[info] i  functions: ensuring required API cloudfunctions.googleapis.com is enabled... 
[info] i  functions: ensuring required API cloudbuild.googleapis.com is enabled... 
[info] i  artifactregistry: ensuring required API artifactregistry.googleapis.com is enabled... 
[debug] [2025-06-26T13:25:43.737Z] Checked if tokens are valid: true, expires at: 1750947050641
[debug] [2025-06-26T13:25:43.737Z] Checked if tokens are valid: true, expires at: 1750947050641
[debug] [2025-06-26T13:25:43.738Z] >>> [apiv2][query] GET https://firebase.googleapis.com/v1beta1/projects/echo-journal-hnzep/adminSdkConfig [none]
[debug] [2025-06-26T13:25:45.100Z] <<< [apiv2][status] GET https://firebase.googleapis.com/v1beta1/projects/echo-journal-hnzep/adminSdkConfig 200
[debug] [2025-06-26T13:25:45.100Z] <<< [apiv2][body] GET https://firebase.googleapis.com/v1beta1/projects/echo-journal-hnzep/adminSdkConfig {"projectId":"echo-journal-hnzep","storageBucket":"echo-journal-hnzep.firebasestorage.app"}
[debug] [2025-06-26T13:25:45.101Z] Checked if tokens are valid: true, expires at: 1750947050641
[debug] [2025-06-26T13:25:45.101Z] Checked if tokens are valid: true, expires at: 1750947050641
[debug] [2025-06-26T13:25:45.101Z] >>> [apiv2][query] GET https://runtimeconfig.googleapis.com/v1beta1/projects/echo-journal-hnzep/configs [none]
[debug] [2025-06-26T13:25:45.774Z] <<< [apiv2][status] GET https://runtimeconfig.googleapis.com/v1beta1/projects/echo-journal-hnzep/configs 200
[debug] [2025-06-26T13:25:45.775Z] <<< [apiv2][body] GET https://runtimeconfig.googleapis.com/v1beta1/projects/echo-journal-hnzep/configs {}
[debug] [2025-06-26T13:25:45.776Z] Validating nodejs source
[debug] [2025-06-26T13:25:47.658Z] > [functions] package.json contents: {
  "main": "lib/index.js",
  "scripts": {
    "genkit:start": "genkit start -- tsx --watch src/genkit-sample.ts",
    "lint": "eslint --ext .js,.ts .",
    "build": "tsc",
    "build:watch": "tsc --watch",
    "serve": "npm run build && firebase emulators:start --only functions",
    "shell": "npm run build && firebase functions:shell",
    "start": "npm run shell",
    "deploy": "firebase deploy --only functions",
    "logs": "firebase functions:log"
  },
  "name": "functions",
  "engines": {
    "node": "22"
  },
  "dependencies": {
    "express": "^5.1.0",
    "firebase-admin": "^12.6.0",
    "firebase-functions": "^6.0.1"
  },
  "devDependencies": {
    "@typescript-eslint/eslint-plugin": "^5.12.0",
    "@typescript-eslint/parser": "^5.12.0",
    "eslint": "^8.9.0",
    "eslint-config-google": "^0.14.0",
    "eslint-plugin-import": "^2.25.4",
    "firebase-functions-test": "^3.1.0",
    "tsx": "^4.20.3",
    "typescript": "^5.8.3"
  },
  "private": true
}
[debug] [2025-06-26T13:25:47.659Z] Building nodejs source
[info] i  functions: Loading and analyzing source code for codebase default to determine what to deploy 
[debug] [2025-06-26T13:25:47.660Z] Could not find functions.yaml. Must use http discovery
[debug] [2025-06-26T13:25:47.689Z] Found firebase-functions binary at 'E:\EchoJournal\functions\node_modules\.bin\firebase-functions'
[info] Serving at port 8271

[debug] [2025-06-26T13:25:49.194Z] Got response from /__/functions.yaml {"endpoints":{},"specVersion":"v1alpha1","requiredAPIs":[],"extensions":{}}
[info] i  extensions: ensuring required API firebaseextensions.googleapis.com is enabled... 
[debug] [2025-06-26T13:25:53.268Z] Checked if tokens are valid: true, expires at: 1750947050641
[debug] [2025-06-26T13:25:53.268Z] Checked if tokens are valid: true, expires at: 1750947050641
[debug] [2025-06-26T13:25:53.269Z] >>> [apiv2][query] GET https://serviceusage.googleapis.com/v1/projects/echo-journal-hnzep/services/firebaseextensions.googleapis.com [none]
[debug] [2025-06-26T13:25:53.269Z] >>> [apiv2][(partial)header] GET https://serviceusage.googleapis.com/v1/projects/echo-journal-hnzep/services/firebaseextensions.googleapis.com x-goog-quota-user=projects/echo-journal-hnzep
[debug] [2025-06-26T13:25:55.290Z] <<< [apiv2][status] GET https://serviceusage.googleapis.com/v1/projects/echo-journal-hnzep/services/firebaseextensions.googleapis.com 200
[debug] [2025-06-26T13:25:55.290Z] <<< [apiv2][body] GET https://serviceusage.googleapis.com/v1/projects/echo-journal-hnzep/services/firebaseextensions.googleapis.com [omitted]
[warn] !  extensions: missing required API firebaseextensions.googleapis.com. Enabling now... 
[debug] [2025-06-26T13:25:55.291Z] Checked if tokens are valid: true, expires at: 1750947050641
[debug] [2025-06-26T13:25:55.291Z] Checked if tokens are valid: true, expires at: 1750947050641
[debug] [2025-06-26T13:25:55.292Z] >>> [apiv2][query] POST https://serviceusage.googleapis.com/v1/projects/echo-journal-hnzep/services/firebaseextensions.googleapis.com:enable [none]
[debug] [2025-06-26T13:25:55.292Z] >>> [apiv2][(partial)header] POST https://serviceusage.googleapis.com/v1/projects/echo-journal-hnzep/services/firebaseextensions.googleapis.com:enable x-goog-quota-user=projects/echo-journal-hnzep
[debug] [2025-06-26T13:25:55.903Z] <<< [apiv2][status] POST https://serviceusage.googleapis.com/v1/projects/echo-journal-hnzep/services/firebaseextensions.googleapis.com:enable 200
[debug] [2025-06-26T13:25:55.903Z] <<< [apiv2][body] POST https://serviceusage.googleapis.com/v1/projects/echo-journal-hnzep/services/firebaseextensions.googleapis.com:enable [omitted]
[debug] [2025-06-26T13:26:05.915Z] > command requires scopes: ["email","openid","https://www.googleapis.com/auth/cloudplatformprojects.readonly","https://www.googleapis.com/auth/firebase","https://www.googleapis.com/auth/cloud-platform"]
[debug] [2025-06-26T13:26:05.915Z] > authorizing via signed-in user (uminda.h.aberathne@gmail.com)
[debug] [2025-06-26T13:26:05.916Z] [iam] checking project echo-journal-hnzep for permissions ["firebase.projects.get","firebaseextensions.instances.list"]
[debug] [2025-06-26T13:26:05.916Z] Checked if tokens are valid: true, expires at: 1750947050641
[debug] [2025-06-26T13:26:05.916Z] Checked if tokens are valid: true, expires at: 1750947050641
[debug] [2025-06-26T13:26:05.916Z] >>> [apiv2][query] POST https://cloudresourcemanager.googleapis.com/v1/projects/echo-journal-hnzep:testIamPermissions [none]
[debug] [2025-06-26T13:26:05.916Z] >>> [apiv2][(partial)header] POST https://cloudresourcemanager.googleapis.com/v1/projects/echo-journal-hnzep:testIamPermissions x-goog-quota-user=projects/echo-journal-hnzep
[debug] [2025-06-26T13:26:05.916Z] >>> [apiv2][body] POST https://cloudresourcemanager.googleapis.com/v1/projects/echo-journal-hnzep:testIamPermissions {"permissions":["firebase.projects.get","firebaseextensions.instances.list"]}
[debug] [2025-06-26T13:26:06.731Z] <<< [apiv2][status] POST https://cloudresourcemanager.googleapis.com/v1/projects/echo-journal-hnzep:testIamPermissions 200
[debug] [2025-06-26T13:26:06.731Z] <<< [apiv2][body] POST https://cloudresourcemanager.googleapis.com/v1/projects/echo-journal-hnzep:testIamPermissions {"permissions":["firebase.projects.get","firebaseextensions.instances.list"]}
[debug] [2025-06-26T13:26:06.732Z] Checked if tokens are valid: true, expires at: 1750947050641
[debug] [2025-06-26T13:26:06.732Z] Checked if tokens are valid: true, expires at: 1750947050641
[debug] [2025-06-26T13:26:06.732Z] >>> [apiv2][query] GET https://firebaseextensions.googleapis.com/v1beta/projects/echo-journal-hnzep/instances pageSize=100&pageToken=
[debug] [2025-06-26T13:26:09.687Z] <<< [apiv2][status] GET https://firebaseextensions.googleapis.com/v1beta/projects/echo-journal-hnzep/instances 200
[debug] [2025-06-26T13:26:09.688Z] <<< [apiv2][body] GET https://firebaseextensions.googleapis.com/v1beta/projects/echo-journal-hnzep/instances {}
[debug] [2025-06-26T13:26:09.690Z] Checked if tokens are valid: true, expires at: 1750947050641
[debug] [2025-06-26T13:26:09.690Z] Checked if tokens are valid: true, expires at: 1750947050641
[debug] [2025-06-26T13:26:09.690Z] >>> [apiv2][query] GET https://cloudfunctions.googleapis.com/v1/projects/echo-journal-hnzep/locations/-/functions [none]
[debug] [2025-06-26T13:26:10.808Z] <<< [apiv2][status] GET https://cloudfunctions.googleapis.com/v1/projects/echo-journal-hnzep/locations/-/functions 200
[debug] [2025-06-26T13:26:10.808Z] <<< [apiv2][body] GET https://cloudfunctions.googleapis.com/v1/projects/echo-journal-hnzep/locations/-/functions {}
[debug] [2025-06-26T13:26:10.809Z] Checked if tokens are valid: true, expires at: 1750947050641
[debug] [2025-06-26T13:26:10.809Z] Checked if tokens are valid: true, expires at: 1750947050641
[debug] [2025-06-26T13:26:10.809Z] >>> [apiv2][query] GET https://cloudfunctions.googleapis.com/v2/projects/echo-journal-hnzep/locations/-/functions filter=environment%3D%22GEN_2%22
[debug] [2025-06-26T13:26:12.537Z] <<< [apiv2][status] GET https://cloudfunctions.googleapis.com/v2/projects/echo-journal-hnzep/locations/-/functions 200
[debug] [2025-06-26T13:26:12.537Z] <<< [apiv2][body] GET https://cloudfunctions.googleapis.com/v2/projects/echo-journal-hnzep/locations/-/functions {}
[debug] [2025-06-26T13:26:12.543Z] Checked if tokens are valid: true, expires at: 1750947050641
[debug] [2025-06-26T13:26:12.543Z] Checked if tokens are valid: true, expires at: 1750947050641
[debug] [2025-06-26T13:26:12.543Z] >>> [apiv2][query] POST https://firebasehosting.googleapis.com/v1beta1/projects/-/sites/echo-journal-hnzep/versions [none]
[debug] [2025-06-26T13:26:12.543Z] >>> [apiv2][body] POST https://firebasehosting.googleapis.com/v1beta1/projects/-/sites/echo-journal-hnzep/versions {"status":"CREATED","labels":{"deployment-tool":"cli-firebase"}}
[debug] [2025-06-26T13:26:14.372Z] <<< [apiv2][status] POST https://firebasehosting.googleapis.com/v1beta1/projects/-/sites/echo-journal-hnzep/versions 200
[debug] [2025-06-26T13:26:14.372Z] <<< [apiv2][body] POST https://firebasehosting.googleapis.com/v1beta1/projects/-/sites/echo-journal-hnzep/versions {"name":"projects/1043477246116/sites/echo-journal-hnzep/versions/29816dd6ad22f67d","status":"CREATED","config":{},"labels":{"deployment-tool":"cli-firebase"}}
[debug] [2025-06-26T13:26:14.375Z] Checked if tokens are valid: true, expires at: 1750947050641
[debug] [2025-06-26T13:26:14.375Z] Checked if tokens are valid: true, expires at: 1750947050641
[debug] [2025-06-26T13:26:14.376Z] >>> [apiv2][query] POST https://iam.googleapis.com/v1/projects/echo-journal-hnzep/serviceAccounts/firebase-app-hosting-compute@echo-journal-hnzep.iam.gserviceaccount.com:testIamPermissions [none]
[debug] [2025-06-26T13:26:14.376Z] >>> [apiv2][(partial)header] POST https://iam.googleapis.com/v1/projects/echo-journal-hnzep/serviceAccounts/firebase-app-hosting-compute@echo-journal-hnzep.iam.gserviceaccount.com:testIamPermissions x-goog-quota-user=projects/echo-journal-hnzep
[debug] [2025-06-26T13:26:14.376Z] >>> [apiv2][body] POST https://iam.googleapis.com/v1/projects/echo-journal-hnzep/serviceAccounts/firebase-app-hosting-compute@echo-journal-hnzep.iam.gserviceaccount.com:testIamPermissions {"permissions":["iam.serviceAccounts.actAs"]}
[debug] [2025-06-26T13:26:16.368Z] <<< [apiv2][status] POST https://iam.googleapis.com/v1/projects/echo-journal-hnzep/serviceAccounts/firebase-app-hosting-compute@echo-journal-hnzep.iam.gserviceaccount.com:testIamPermissions 200
[debug] [2025-06-26T13:26:16.369Z] <<< [apiv2][body] POST https://iam.googleapis.com/v1/projects/echo-journal-hnzep/serviceAccounts/firebase-app-hosting-compute@echo-journal-hnzep.iam.gserviceaccount.com:testIamPermissions {"permissions":["iam.serviceAccounts.actAs"]}
[debug] [2025-06-26T13:26:16.369Z] Checked if tokens are valid: true, expires at: 1750947050641
[debug] [2025-06-26T13:26:16.369Z] Checked if tokens are valid: true, expires at: 1750947050641
[debug] [2025-06-26T13:26:16.369Z] >>> [apiv2][query] POST https://cloudresourcemanager.googleapis.com/v1/projects/echo-journal-hnzep:getIamPolicy [none]
[debug] [2025-06-26T13:26:18.141Z] <<< [apiv2][status] POST https://cloudresourcemanager.googleapis.com/v1/projects/echo-journal-hnzep:getIamPolicy 200
[debug] [2025-06-26T13:26:18.141Z] <<< [apiv2][body] POST https://cloudresourcemanager.googleapis.com/v1/projects/echo-journal-hnzep:getIamPolicy {"version":1,"etag":"BwY4eYFZbzI=","bindings":[{"role":"roles/artifactregistry.serviceAgent","members":["serviceAccount:service-1043477246116@gcp-sa-artifactregistry.iam.gserviceaccount.com"]},{"role":"roles/cloudbuild.builds.builder","members":["serviceAccount:1043477246116@cloudbuild.gserviceaccount.com"]},{"role":"roles/cloudbuild.serviceAgent","members":["serviceAccount:service-1043477246116@gcp-sa-cloudbuild.iam.gserviceaccount.com"]},{"role":"roles/cloudfunctions.developer","members":["serviceAccount:github-action-1008920096@echo-journal-hnzep.iam.gserviceaccount.com"]},{"role":"roles/cloudfunctions.serviceAgent","members":["serviceAccount:service-1043477246116@gcf-admin-robot.iam.gserviceaccount.com"]},{"role":"roles/containerregistry.ServiceAgent","members":["serviceAccount:service-1043477246116@containerregistry.iam.gserviceaccount.com"]},{"role":"roles/editor","members":["serviceAccount:1043477246116-compute@developer.gserviceaccount.com","serviceAccount:1043477246116@cloudservices.gserviceaccount.com","serviceAccount:echo-journal-hnzep@appspot.gserviceaccount.com"]},{"role":"roles/firebase.managementServiceAgent","members":["serviceAccount:service-1043477246116@gcp-sa-firebase.iam.gserviceaccount.com"]},{"role":"roles/firebase.sdkAdminServiceAgent","members":["serviceAccount:firebase-adminsdk-fbsvc@echo-journal-hnzep.iam.gserviceaccount.com","serviceAccount:firebase-app-hosting-compute@echo-journal-hnzep.iam.gserviceaccount.com"]},{"role":"roles/firebaseapphosting.computeRunner","members":["serviceAccount:firebase-app-hosting-compute@echo-journal-hnzep.iam.gserviceaccount.com"]},{"role":"roles/firebaseapphosting.serviceAgent","members":["serviceAccount:service-1043477246116@gcp-sa-firebaseapphosting.iam.gserviceaccount.com"]},{"role":"roles/firebaseauth.admin","members":["serviceAccount:firebase-adminsdk-fbsvc@echo-journal-hnzep.iam.gserviceaccount.com","serviceAccount:github-action-1008920096@echo-journal-hnzep.iam.gserviceaccount.com"]},{"role":"roles/firebasehosting.admin","members":["serviceAccount:github-action-1008920096@echo-journal-hnzep.iam.gserviceaccount.com"]},{"role":"roles/firebasemods.serviceAgent","members":["serviceAccount:service-1043477246116@gcp-sa-firebasemods.iam.gserviceaccount.com"]},{"role":"roles/firebasestorage.serviceAgent","members":["serviceAccount:service-1043477246116@gcp-sa-firebasestorage.iam.gserviceaccount.com"]},{"role":"roles/iam.serviceAccountTokenCreator","members":["serviceAccount:firebase-adminsdk-fbsvc@echo-journal-hnzep.iam.gserviceaccount.com"]},{"role":"roles/owner","members":["user:uminda.h.aberathne@gmail.com"]},{"role":"roles/run.serviceAgent","members":["serviceAccount:service-1043477246116@serverless-robot-prod.iam.gserviceaccount.com"]},{"role":"roles/run.viewer","members":["serviceAccount:github-action-1008920096@echo-journal-hnzep.iam.gserviceaccount.com"]},{"role":"roles/serviceusage.apiKeysViewer","members":["serviceAccount:github-action-1008920096@echo-journal-hnzep.iam.gserviceaccount.com"]},{"role":"roles/serviceusage.serviceUsageConsumer","members":["serviceAccount:github-action-1008920096@echo-journal-hnzep.iam.gserviceaccount.com"]},{"role":"roles/storage.admin","members":["serviceAccount:firebase-adminsdk-fbsvc@echo-journal-hnzep.iam.gserviceaccount.com"]},{"role":"roles/storage.objectViewer","members":["serviceAccount:firebase-app-hosting-compute@echo-journal-hnzep.iam.gserviceaccount.com"]}]}
[debug] [2025-06-26T13:26:18.142Z] Checked if tokens are valid: true, expires at: 1750947050641
[debug] [2025-06-26T13:26:18.142Z] Checked if tokens are valid: true, expires at: 1750947050641
[debug] [2025-06-26T13:26:18.142Z] >>> [apiv2][query] GET https://firebaseapphosting.googleapis.com/v1beta/projects/echo-journal-hnzep/locations/-/backends 
[debug] [2025-06-26T13:26:20.484Z] <<< [apiv2][status] GET https://firebaseapphosting.googleapis.com/v1beta/projects/echo-journal-hnzep/locations/-/backends 200
[debug] [2025-06-26T13:26:20.484Z] <<< [apiv2][body] GET https://firebaseapphosting.googleapis.com/v1beta/projects/echo-journal-hnzep/locations/-/backends {"backends":[{"name":"projects/echo-journal-hnzep/locations/us-central1/backends/studio","createTime":"2025-04-10T17:41:56.923941461Z","updateTime":"2025-06-26T12:29:39.267537Z","uri":"studio--echo-journal-hnzep.us-central1.hosted.app","managedResources":[{"runService":{"service":"projects/1043477246116/locations/us-central1/services/studio"}}],"displayName":"Studio","uid":"404c5e66-7cf1-40f0-b64d-56a02bdf1637","etag":"uqdGKTF2xIMU0_7gzmCzn2LJYLzT_cxtFkBySBXryZg","reconciling":false,"servingLocality":"GLOBAL_ACCESS","serviceAccount":"firebase-app-hosting-compute@echo-journal-hnzep.iam.gserviceaccount.com","appId":"1:1043477246116:web:5cbe19365e957682c07631"}]}
[info] i  apphosting: Found backend(s) studio 
[debug] [2025-06-26T13:26:20.485Z] Checked if tokens are valid: true, expires at: 1750947050641
[debug] [2025-06-26T13:26:20.485Z] Checked if tokens are valid: true, expires at: 1750947050641
[debug] [2025-06-26T13:26:20.486Z] >>> [apiv2][query] GET https://firebaserules.googleapis.com/v1/projects/echo-journal-hnzep/releases pageSize=10&pageToken=
[debug] [2025-06-26T13:26:22.242Z] <<< [apiv2][status] GET https://firebaserules.googleapis.com/v1/projects/echo-journal-hnzep/releases 200
[debug] [2025-06-26T13:26:22.242Z] <<< [apiv2][body] GET https://firebaserules.googleapis.com/v1/projects/echo-journal-hnzep/releases {"releases":[{"name":"projects/echo-journal-hnzep/releases/firebase.storage/echo-journal-hnzep.firebasestorage.app","rulesetName":"projects/echo-journal-hnzep/rulesets/336e3c70-4d72-41a2-aa3c-07f3087e4af2","createTime":"2025-06-26T13:21:48.976709Z","updateTime":"2025-06-26T13:21:48.976709Z"}]}
[debug] [2025-06-26T13:26:22.242Z] Checked if tokens are valid: true, expires at: 1750947050641
[debug] [2025-06-26T13:26:22.242Z] Checked if tokens are valid: true, expires at: 1750947050641
[debug] [2025-06-26T13:26:22.242Z] >>> [apiv2][query] GET https://firebaserules.googleapis.com/v1/projects/echo-journal-hnzep/rulesets/336e3c70-4d72-41a2-aa3c-07f3087e4af2 [none]
[debug] [2025-06-26T13:26:23.649Z] <<< [apiv2][status] GET https://firebaserules.googleapis.com/v1/projects/echo-journal-hnzep/rulesets/336e3c70-4d72-41a2-aa3c-07f3087e4af2 200
[debug] [2025-06-26T13:26:23.649Z] <<< [apiv2][body] GET https://firebaserules.googleapis.com/v1/projects/echo-journal-hnzep/rulesets/336e3c70-4d72-41a2-aa3c-07f3087e4af2 [omitted]
[debug] [2025-06-26T13:26:23.650Z] Checked if tokens are valid: true, expires at: 1750947050641
[debug] [2025-06-26T13:26:23.650Z] Checked if tokens are valid: true, expires at: 1750947050641
[debug] [2025-06-26T13:26:23.650Z] >>> [apiv2][query] POST https://cloudresourcemanager.googleapis.com/v1/projects/1043477246116:getIamPolicy [none]
[debug] [2025-06-26T13:26:25.439Z] <<< [apiv2][status] POST https://cloudresourcemanager.googleapis.com/v1/projects/1043477246116:getIamPolicy 200
[debug] [2025-06-26T13:26:25.440Z] <<< [apiv2][body] POST https://cloudresourcemanager.googleapis.com/v1/projects/1043477246116:getIamPolicy {"version":1,"etag":"BwY4eYFZbzI=","bindings":[{"role":"roles/artifactregistry.serviceAgent","members":["serviceAccount:service-1043477246116@gcp-sa-artifactregistry.iam.gserviceaccount.com"]},{"role":"roles/cloudbuild.builds.builder","members":["serviceAccount:1043477246116@cloudbuild.gserviceaccount.com"]},{"role":"roles/cloudbuild.serviceAgent","members":["serviceAccount:service-1043477246116@gcp-sa-cloudbuild.iam.gserviceaccount.com"]},{"role":"roles/cloudfunctions.developer","members":["serviceAccount:github-action-1008920096@echo-journal-hnzep.iam.gserviceaccount.com"]},{"role":"roles/cloudfunctions.serviceAgent","members":["serviceAccount:service-1043477246116@gcf-admin-robot.iam.gserviceaccount.com"]},{"role":"roles/containerregistry.ServiceAgent","members":["serviceAccount:service-1043477246116@containerregistry.iam.gserviceaccount.com"]},{"role":"roles/editor","members":["serviceAccount:1043477246116-compute@developer.gserviceaccount.com","serviceAccount:1043477246116@cloudservices.gserviceaccount.com","serviceAccount:echo-journal-hnzep@appspot.gserviceaccount.com"]},{"role":"roles/firebase.managementServiceAgent","members":["serviceAccount:service-1043477246116@gcp-sa-firebase.iam.gserviceaccount.com"]},{"role":"roles/firebase.sdkAdminServiceAgent","members":["serviceAccount:firebase-adminsdk-fbsvc@echo-journal-hnzep.iam.gserviceaccount.com","serviceAccount:firebase-app-hosting-compute@echo-journal-hnzep.iam.gserviceaccount.com"]},{"role":"roles/firebaseapphosting.computeRunner","members":["serviceAccount:firebase-app-hosting-compute@echo-journal-hnzep.iam.gserviceaccount.com"]},{"role":"roles/firebaseapphosting.serviceAgent","members":["serviceAccount:service-1043477246116@gcp-sa-firebaseapphosting.iam.gserviceaccount.com"]},{"role":"roles/firebaseauth.admin","members":["serviceAccount:firebase-adminsdk-fbsvc@echo-journal-hnzep.iam.gserviceaccount.com","serviceAccount:github-action-1008920096@echo-journal-hnzep.iam.gserviceaccount.com"]},{"role":"roles/firebasehosting.admin","members":["serviceAccount:github-action-1008920096@echo-journal-hnzep.iam.gserviceaccount.com"]},{"role":"roles/firebasemods.serviceAgent","members":["serviceAccount:service-1043477246116@gcp-sa-firebasemods.iam.gserviceaccount.com"]},{"role":"roles/firebasestorage.serviceAgent","members":["serviceAccount:service-1043477246116@gcp-sa-firebasestorage.iam.gserviceaccount.com"]},{"role":"roles/iam.serviceAccountTokenCreator","members":["serviceAccount:firebase-adminsdk-fbsvc@echo-journal-hnzep.iam.gserviceaccount.com"]},{"role":"roles/owner","members":["user:uminda.h.aberathne@gmail.com"]},{"role":"roles/run.serviceAgent","members":["serviceAccount:service-1043477246116@serverless-robot-prod.iam.gserviceaccount.com"]},{"role":"roles/run.viewer","members":["serviceAccount:github-action-1008920096@echo-journal-hnzep.iam.gserviceaccount.com"]},{"role":"roles/serviceusage.apiKeysViewer","members":["serviceAccount:github-action-1008920096@echo-journal-hnzep.iam.gserviceaccount.com"]},{"role":"roles/serviceusage.serviceUsageConsumer","members":["serviceAccount:github-action-1008920096@echo-journal-hnzep.iam.gserviceaccount.com"]},{"role":"roles/storage.admin","members":["serviceAccount:firebase-adminsdk-fbsvc@echo-journal-hnzep.iam.gserviceaccount.com"]},{"role":"roles/storage.objectViewer","members":["serviceAccount:firebase-app-hosting-compute@echo-journal-hnzep.iam.gserviceaccount.com"]}]}
[debug] [2025-06-26T13:28:08.530Z] Checked if tokens are valid: true, expires at: 1750947050641
[debug] [2025-06-26T13:28:08.531Z] Checked if tokens are valid: true, expires at: 1750947050641
[debug] [2025-06-26T13:28:08.531Z] >>> [apiv2][query] POST https://cloudresourcemanager.googleapis.com/v1/projects/1043477246116:getIamPolicy [none]
[debug] [2025-06-26T13:28:10.353Z] <<< [apiv2][status] POST https://cloudresourcemanager.googleapis.com/v1/projects/1043477246116:getIamPolicy 200
[debug] [2025-06-26T13:28:10.353Z] <<< [apiv2][body] POST https://cloudresourcemanager.googleapis.com/v1/projects/1043477246116:getIamPolicy {"version":1,"etag":"BwY4eYFZbzI=","bindings":[{"role":"roles/artifactregistry.serviceAgent","members":["serviceAccount:service-1043477246116@gcp-sa-artifactregistry.iam.gserviceaccount.com"]},{"role":"roles/cloudbuild.builds.builder","members":["serviceAccount:1043477246116@cloudbuild.gserviceaccount.com"]},{"role":"roles/cloudbuild.serviceAgent","members":["serviceAccount:service-1043477246116@gcp-sa-cloudbuild.iam.gserviceaccount.com"]},{"role":"roles/cloudfunctions.developer","members":["serviceAccount:github-action-1008920096@echo-journal-hnzep.iam.gserviceaccount.com"]},{"role":"roles/cloudfunctions.serviceAgent","members":["serviceAccount:service-1043477246116@gcf-admin-robot.iam.gserviceaccount.com"]},{"role":"roles/containerregistry.ServiceAgent","members":["serviceAccount:service-1043477246116@containerregistry.iam.gserviceaccount.com"]},{"role":"roles/editor","members":["serviceAccount:1043477246116-compute@developer.gserviceaccount.com","serviceAccount:1043477246116@cloudservices.gserviceaccount.com","serviceAccount:echo-journal-hnzep@appspot.gserviceaccount.com"]},{"role":"roles/firebase.managementServiceAgent","members":["serviceAccount:service-1043477246116@gcp-sa-firebase.iam.gserviceaccount.com"]},{"role":"roles/firebase.sdkAdminServiceAgent","members":["serviceAccount:firebase-adminsdk-fbsvc@echo-journal-hnzep.iam.gserviceaccount.com","serviceAccount:firebase-app-hosting-compute@echo-journal-hnzep.iam.gserviceaccount.com"]},{"role":"roles/firebaseapphosting.computeRunner","members":["serviceAccount:firebase-app-hosting-compute@echo-journal-hnzep.iam.gserviceaccount.com"]},{"role":"roles/firebaseapphosting.serviceAgent","members":["serviceAccount:service-1043477246116@gcp-sa-firebaseapphosting.iam.gserviceaccount.com"]},{"role":"roles/firebaseauth.admin","members":["serviceAccount:firebase-adminsdk-fbsvc@echo-journal-hnzep.iam.gserviceaccount.com","serviceAccount:github-action-1008920096@echo-journal-hnzep.iam.gserviceaccount.com"]},{"role":"roles/firebasehosting.admin","members":["serviceAccount:github-action-1008920096@echo-journal-hnzep.iam.gserviceaccount.com"]},{"role":"roles/firebasemods.serviceAgent","members":["serviceAccount:service-1043477246116@gcp-sa-firebasemods.iam.gserviceaccount.com"]},{"role":"roles/firebasestorage.serviceAgent","members":["serviceAccount:service-1043477246116@gcp-sa-firebasestorage.iam.gserviceaccount.com"]},{"role":"roles/iam.serviceAccountTokenCreator","members":["serviceAccount:firebase-adminsdk-fbsvc@echo-journal-hnzep.iam.gserviceaccount.com"]},{"role":"roles/owner","members":["user:uminda.h.aberathne@gmail.com"]},{"role":"roles/run.serviceAgent","members":["serviceAccount:service-1043477246116@serverless-robot-prod.iam.gserviceaccount.com"]},{"role":"roles/run.viewer","members":["serviceAccount:github-action-1008920096@echo-journal-hnzep.iam.gserviceaccount.com"]},{"role":"roles/serviceusage.apiKeysViewer","members":["serviceAccount:github-action-1008920096@echo-journal-hnzep.iam.gserviceaccount.com"]},{"role":"roles/serviceusage.serviceUsageConsumer","members":["serviceAccount:github-action-1008920096@echo-journal-hnzep.iam.gserviceaccount.com"]},{"role":"roles/storage.admin","members":["serviceAccount:firebase-adminsdk-fbsvc@echo-journal-hnzep.iam.gserviceaccount.com"]},{"role":"roles/storage.objectViewer","members":["serviceAccount:firebase-app-hosting-compute@echo-journal-hnzep.iam.gserviceaccount.com"]}]}
[debug] [2025-06-26T13:28:10.353Z] Checked if tokens are valid: true, expires at: 1750947050641
[debug] [2025-06-26T13:28:10.353Z] Checked if tokens are valid: true, expires at: 1750947050641
[debug] [2025-06-26T13:28:10.354Z] >>> [apiv2][query] POST https://cloudresourcemanager.googleapis.com/v1/projects/1043477246116:setIamPolicy [none]
[debug] [2025-06-26T13:28:10.354Z] >>> [apiv2][body] POST https://cloudresourcemanager.googleapis.com/v1/projects/1043477246116:setIamPolicy {"policy":{"version":1,"etag":"BwY4eYFZbzI=","bindings":[{"role":"roles/artifactregistry.serviceAgent","members":["serviceAccount:service-1043477246116@gcp-sa-artifactregistry.iam.gserviceaccount.com"]},{"role":"roles/cloudbuild.builds.builder","members":["serviceAccount:1043477246116@cloudbuild.gserviceaccount.com"]},{"role":"roles/cloudbuild.serviceAgent","members":["serviceAccount:service-1043477246116@gcp-sa-cloudbuild.iam.gserviceaccount.com"]},{"role":"roles/cloudfunctions.developer","members":["serviceAccount:github-action-1008920096@echo-journal-hnzep.iam.gserviceaccount.com"]},{"role":"roles/cloudfunctions.serviceAgent","members":["serviceAccount:service-1043477246116@gcf-admin-robot.iam.gserviceaccount.com"]},{"role":"roles/containerregistry.ServiceAgent","members":["serviceAccount:service-1043477246116@containerregistry.iam.gserviceaccount.com"]},{"role":"roles/editor","members":["serviceAccount:1043477246116-compute@developer.gserviceaccount.com","serviceAccount:1043477246116@cloudservices.gserviceaccount.com","serviceAccount:echo-journal-hnzep@appspot.gserviceaccount.com"]},{"role":"roles/firebase.managementServiceAgent","members":["serviceAccount:service-1043477246116@gcp-sa-firebase.iam.gserviceaccount.com"]},{"role":"roles/firebase.sdkAdminServiceAgent","members":["serviceAccount:firebase-adminsdk-fbsvc@echo-journal-hnzep.iam.gserviceaccount.com","serviceAccount:firebase-app-hosting-compute@echo-journal-hnzep.iam.gserviceaccount.com"]},{"role":"roles/firebaseapphosting.computeRunner","members":["serviceAccount:firebase-app-hosting-compute@echo-journal-hnzep.iam.gserviceaccount.com"]},{"role":"roles/firebaseapphosting.serviceAgent","members":["serviceAccount:service-1043477246116@gcp-sa-firebaseapphosting.iam.gserviceaccount.com"]},{"role":"roles/firebaseauth.admin","members":["serviceAccount:firebase-adminsdk-fbsvc@echo-journal-hnzep.iam.gserviceaccount.com","serviceAccount:github-action-1008920096@echo-journal-hnzep.iam.gserviceaccount.com"]},{"role":"roles/firebasehosting.admin","members":["serviceAccount:github-action-1008920096@echo-journal-hnzep.iam.gserviceaccount.com"]},{"role":"roles/firebasemods.serviceAgent","members":["serviceAccount:service-1043477246116@gcp-sa-firebasemods.iam.gserviceaccount.com"]},{"role":"roles/firebasestorage.serviceAgent","members":["serviceAccount:service-1043477246116@gcp-sa-firebasestorage.iam.gserviceaccount.com"]},{"role":"roles/iam.serviceAccountTokenCreator","members":["serviceAccount:firebase-adminsdk-fbsvc@echo-journal-hnzep.iam.gserviceaccount.com"]},{"role":"roles/owner","members":["user:uminda.h.aberathne@gmail.com"]},{"role":"roles/run.serviceAgent","members":["serviceAccount:service-1043477246116@serverless-robot-prod.iam.gserviceaccount.com"]},{"role":"roles/run.viewer","members":["serviceAccount:github-action-1008920096@echo-journal-hnzep.iam.gserviceaccount.com"]},{"role":"roles/serviceusage.apiKeysViewer","members":["serviceAccount:github-action-1008920096@echo-journal-hnzep.iam.gserviceaccount.com"]},{"role":"roles/serviceusage.serviceUsageConsumer","members":["serviceAccount:github-action-1008920096@echo-journal-hnzep.iam.gserviceaccount.com"]},{"role":"roles/storage.admin","members":["serviceAccount:firebase-adminsdk-fbsvc@echo-journal-hnzep.iam.gserviceaccount.com"]},{"role":"roles/storage.objectViewer","members":["serviceAccount:firebase-app-hosting-compute@echo-journal-hnzep.iam.gserviceaccount.com"]},{"role":"roles/firebaserules.firestoreServiceAgent","members":["serviceAccount:service-1043477246116@gcp-sa-firebasestorage.iam.gserviceaccount.com"]}]},"updateMask":"bindings"}
[debug] [2025-06-26T13:28:11.565Z] <<< [apiv2][status] POST https://cloudresourcemanager.googleapis.com/v1/projects/1043477246116:setIamPolicy 200
[debug] [2025-06-26T13:28:11.565Z] <<< [apiv2][body] POST https://cloudresourcemanager.googleapis.com/v1/projects/1043477246116:setIamPolicy {"version":1,"etag":"BwY4eYieMeU=","bindings":[{"role":"roles/artifactregistry.serviceAgent","members":["serviceAccount:service-1043477246116@gcp-sa-artifactregistry.iam.gserviceaccount.com"]},{"role":"roles/cloudbuild.builds.builder","members":["serviceAccount:1043477246116@cloudbuild.gserviceaccount.com"]},{"role":"roles/cloudbuild.serviceAgent","members":["serviceAccount:service-1043477246116@gcp-sa-cloudbuild.iam.gserviceaccount.com"]},{"role":"roles/cloudfunctions.developer","members":["serviceAccount:github-action-1008920096@echo-journal-hnzep.iam.gserviceaccount.com"]},{"role":"roles/cloudfunctions.serviceAgent","members":["serviceAccount:service-1043477246116@gcf-admin-robot.iam.gserviceaccount.com"]},{"role":"roles/containerregistry.ServiceAgent","members":["serviceAccount:service-1043477246116@containerregistry.iam.gserviceaccount.com"]},{"role":"roles/editor","members":["serviceAccount:1043477246116-compute@developer.gserviceaccount.com","serviceAccount:1043477246116@cloudservices.gserviceaccount.com","serviceAccount:echo-journal-hnzep@appspot.gserviceaccount.com"]},{"role":"roles/firebase.managementServiceAgent","members":["serviceAccount:service-1043477246116@gcp-sa-firebase.iam.gserviceaccount.com"]},{"role":"roles/firebase.sdkAdminServiceAgent","members":["serviceAccount:firebase-adminsdk-fbsvc@echo-journal-hnzep.iam.gserviceaccount.com","serviceAccount:firebase-app-hosting-compute@echo-journal-hnzep.iam.gserviceaccount.com"]},{"role":"roles/firebaseapphosting.computeRunner","members":["serviceAccount:firebase-app-hosting-compute@echo-journal-hnzep.iam.gserviceaccount.com"]},{"role":"roles/firebaseapphosting.serviceAgent","members":["serviceAccount:service-1043477246116@gcp-sa-firebaseapphosting.iam.gserviceaccount.com"]},{"role":"roles/firebaseauth.admin","members":["serviceAccount:firebase-adminsdk-fbsvc@echo-journal-hnzep.iam.gserviceaccount.com","serviceAccount:github-action-1008920096@echo-journal-hnzep.iam.gserviceaccount.com"]},{"role":"roles/firebasehosting.admin","members":["serviceAccount:github-action-1008920096@echo-journal-hnzep.iam.gserviceaccount.com"]},{"role":"roles/firebasemods.serviceAgent","members":["serviceAccount:service-1043477246116@gcp-sa-firebasemods.iam.gserviceaccount.com"]},{"role":"roles/firebaserules.firestoreServiceAgent","members":["serviceAccount:service-1043477246116@gcp-sa-firebasestorage.iam.gserviceaccount.com"]},{"role":"roles/firebasestorage.serviceAgent","members":["serviceAccount:service-1043477246116@gcp-sa-firebasestorage.iam.gserviceaccount.com"]},{"role":"roles/iam.serviceAccountTokenCreator","members":["serviceAccount:firebase-adminsdk-fbsvc@echo-journal-hnzep.iam.gserviceaccount.com"]},{"role":"roles/owner","members":["user:uminda.h.aberathne@gmail.com"]},{"role":"roles/run.serviceAgent","members":["serviceAccount:service-1043477246116@serverless-robot-prod.iam.gserviceaccount.com"]},{"role":"roles/run.viewer","members":["serviceAccount:github-action-1008920096@echo-journal-hnzep.iam.gserviceaccount.com"]},{"role":"roles/serviceusage.apiKeysViewer","members":["serviceAccount:github-action-1008920096@echo-journal-hnzep.iam.gserviceaccount.com"]},{"role":"roles/serviceusage.serviceUsageConsumer","members":["serviceAccount:github-action-1008920096@echo-journal-hnzep.iam.gserviceaccount.com"]},{"role":"roles/storage.admin","members":["serviceAccount:firebase-adminsdk-fbsvc@echo-journal-hnzep.iam.gserviceaccount.com"]},{"role":"roles/storage.objectViewer","members":["serviceAccount:firebase-app-hosting-compute@echo-journal-hnzep.iam.gserviceaccount.com"]}]}
[info] i  storage: updated service account for cross-service rules... 
[info] i  storage: uploading rules storage.rules... 
[debug] [2025-06-26T13:28:11.566Z] Checked if tokens are valid: true, expires at: 1750947050641
[debug] [2025-06-26T13:28:11.566Z] Checked if tokens are valid: true, expires at: 1750947050641
[debug] [2025-06-26T13:28:11.567Z] >>> [apiv2][query] POST https://firebaserules.googleapis.com/v1/projects/echo-journal-hnzep/rulesets [none]
[debug] [2025-06-26T13:28:11.567Z] >>> [apiv2][body] POST https://firebaserules.googleapis.com/v1/projects/echo-journal-hnzep/rulesets [omitted]
[debug] [2025-06-26T13:28:13.177Z] <<< [apiv2][status] POST https://firebaserules.googleapis.com/v1/projects/echo-journal-hnzep/rulesets 200
[debug] [2025-06-26T13:28:13.178Z] <<< [apiv2][body] POST https://firebaserules.googleapis.com/v1/projects/echo-journal-hnzep/rulesets {"name":"projects/echo-journal-hnzep/rulesets/ef1c253e-4be5-4e2b-a7be-5cc4861a540b","source":{"files":[{"content":"rules_version = '2';\n\n// Craft rules based on data in your Firestore database\n// allow write: if firestore.get(\n//    /databases/(default)/documents/users/$(request.auth.uid)).data.isAdmin;\nservice firebase.storage {\n  match /b/{bucket}/o {\n    match /{allPaths=**} {\n      allow read, write: if false;\n    }\n  }\n}\n","name":"storage.rules"}]},"createTime":"2025-06-26T13:28:16.146191Z","metadata":{"services":["firebase.storage"]}}
[debug] [2025-06-26T13:28:13.178Z] [rules] created ruleset projects/echo-journal-hnzep/rulesets/ef1c253e-4be5-4e2b-a7be-5cc4861a540b
[debug] [2025-06-26T13:28:13.178Z] Checked if tokens are valid: true, expires at: 1750947050641
[debug] [2025-06-26T13:28:13.178Z] Checked if tokens are valid: true, expires at: 1750947050641
[debug] [2025-06-26T13:28:13.178Z] >>> [apiv2][query] GET https://firestore.googleapis.com/v1/projects/echo-journal-hnzep/databases/(default) [none]
[debug] [2025-06-26T13:28:13.643Z] <<< [apiv2][status] GET https://firestore.googleapis.com/v1/projects/echo-journal-hnzep/databases/(default) 404
[debug] [2025-06-26T13:28:13.643Z] <<< [apiv2][body] GET https://firestore.googleapis.com/v1/projects/echo-journal-hnzep/databases/(default) {"error":{"code":404,"message":"Project 'echo-journal-hnzep' or database '(default)' does not exist.","status":"NOT_FOUND"}}
[info] i  firetore: Creating the new Firestore database (default)... 
[debug] [2025-06-26T13:28:13.644Z] Checked if tokens are valid: true, expires at: 1750947050641
[debug] [2025-06-26T13:28:13.644Z] Checked if tokens are valid: true, expires at: 1750947050641
[debug] [2025-06-26T13:28:13.645Z] >>> [apiv2][query] POST https://firestore.googleapis.com/v1/projects/echo-journal-hnzep/databases databaseId=%28default%29
[debug] [2025-06-26T13:28:13.645Z] >>> [apiv2][body] POST https://firestore.googleapis.com/v1/projects/echo-journal-hnzep/databases {"locationId":"asia-southeast2","type":"FIRESTORE_NATIVE","deleteProtectionState":"DELETE_PROTECTION_DISABLED","pointInTimeRecoveryEnablement":"POINT_IN_TIME_RECOVERY_DISABLED"}
[debug] [2025-06-26T13:28:27.122Z] <<< [apiv2][status] POST https://firestore.googleapis.com/v1/projects/echo-journal-hnzep/databases 200
[debug] [2025-06-26T13:28:27.122Z] <<< [apiv2][body] POST https://firestore.googleapis.com/v1/projects/echo-journal-hnzep/databases {"name":"projects/echo-journal-hnzep/databases/(default)/operations/lYUU2O0SQJYvShLb5CwxvBAqMnRzYWVodHVvcy1haXNhDyIFEAO5rv-wEAbC9ZX9CAwKMxo","metadata":{"@type":"type.googleapis.com/google.firestore.admin.v1.CreateDatabaseMetadata"},"response":{"@type":"type.googleapis.com/google.firestore.admin.v1.Database","name":"projects/echo-journal-hnzep/databases/(default)","uid":"bc312ce4-db12-4a2f-9640-12edd8148595","createTime":"2025-06-26T13:28:29.925614Z","updateTime":"2025-06-26T13:28:29.925614Z","locationId":"asia-southeast2","type":"FIRESTORE_NATIVE","concurrencyMode":"PESSIMISTIC","versionRetentionPeriod":"3600s","earliestVersionTime":"2025-06-26T13:28:29.925614Z","appEngineIntegrationMode":"DISABLED","keyPrefix":"zet","pointInTimeRecoveryEnablement":"POINT_IN_TIME_RECOVERY_DISABLED","deleteProtectionState":"DELETE_PROTECTION_DISABLED","databaseEdition":"STANDARD","freeTier":true,"etag":"IJvnpMyYj44DMO6xpMyYj44D"}}
[debug] [2025-06-26T13:28:27.122Z] Checked if tokens are valid: true, expires at: 1750947050641
[debug] [2025-06-26T13:28:27.122Z] Checked if tokens are valid: true, expires at: 1750947050641
[debug] [2025-06-26T13:28:27.122Z] >>> [apiv2][query] GET https://firebaserules.googleapis.com/v1/projects/echo-journal-hnzep/releases pageSize=10&pageToken=
[debug] [2025-06-26T13:28:29.296Z] <<< [apiv2][status] GET https://firebaserules.googleapis.com/v1/projects/echo-journal-hnzep/releases 200
[debug] [2025-06-26T13:28:29.296Z] <<< [apiv2][body] GET https://firebaserules.googleapis.com/v1/projects/echo-journal-hnzep/releases {"releases":[{"name":"projects/echo-journal-hnzep/releases/firebase.storage/echo-journal-hnzep.firebasestorage.app","rulesetName":"projects/echo-journal-hnzep/rulesets/336e3c70-4d72-41a2-aa3c-07f3087e4af2","createTime":"2025-06-26T13:21:48.976709Z","updateTime":"2025-06-26T13:21:48.976709Z"}]}
[info] i  firestore: uploading rules firestore.rules... 
[debug] [2025-06-26T13:28:29.335Z] Checked if tokens are valid: true, expires at: 1750947050641
[debug] [2025-06-26T13:28:29.335Z] Checked if tokens are valid: true, expires at: 1750947050641
[debug] [2025-06-26T13:28:29.335Z] >>> [apiv2][query] POST https://firebaserules.googleapis.com/v1/projects/echo-journal-hnzep/rulesets [none]
[debug] [2025-06-26T13:28:29.335Z] >>> [apiv2][body] POST https://firebaserules.googleapis.com/v1/projects/echo-journal-hnzep/rulesets [omitted]
[debug] [2025-06-26T13:28:29.977Z] <<< [apiv2][status] POST https://firebaserules.googleapis.com/v1/projects/echo-journal-hnzep/rulesets 200
[debug] [2025-06-26T13:28:29.977Z] <<< [apiv2][body] POST https://firebaserules.googleapis.com/v1/projects/echo-journal-hnzep/rulesets {"name":"projects/echo-journal-hnzep/rulesets/8d13cb08-6bef-4df3-9d79-cad81ac07077","source":{"files":[{"content":"rules_version = '2';\nservice cloud.firestore {\n  match /databases/{database}/documents {\n    // Users can only access their own journal entries\n    match /entries/{document} {\n      allow read, write: if request.auth != null && request.auth.uid == resource.data.userId;\n      allow create: if request.auth != null && request.auth.uid == request.resource.data.userId;\n    }\n    \n    // Optional: Allow users to read/write their own user profile data\n    match /users/{userId} {\n      allow read, write: if request.auth != null && request.auth.uid == userId;\n    }\n  }\n}","name":"firestore.rules"}]},"createTime":"2025-06-26T13:28:32.942191Z","metadata":{"services":["cloud.firestore"]}}
[debug] [2025-06-26T13:28:29.977Z] [rules] created ruleset projects/echo-journal-hnzep/rulesets/8d13cb08-6bef-4df3-9d79-cad81ac07077
[info] i  firestore: deploying indexes... 
[debug] [2025-06-26T13:28:29.978Z] Checked if tokens are valid: true, expires at: 1750947050641
[debug] [2025-06-26T13:28:29.978Z] Checked if tokens are valid: true, expires at: 1750947050641
[debug] [2025-06-26T13:28:29.979Z] >>> [apiv2][query] GET https://firestore.googleapis.com/v1/projects/echo-journal-hnzep/databases/(default)/collectionGroups/-/indexes [none]
[debug] [2025-06-26T13:28:30.793Z] <<< [apiv2][status] GET https://firestore.googleapis.com/v1/projects/echo-journal-hnzep/databases/(default)/collectionGroups/-/indexes 200
[debug] [2025-06-26T13:28:30.793Z] <<< [apiv2][body] GET https://firestore.googleapis.com/v1/projects/echo-journal-hnzep/databases/(default)/collectionGroups/-/indexes {}
[debug] [2025-06-26T13:28:30.793Z] Checked if tokens are valid: true, expires at: 1750947050641
[debug] [2025-06-26T13:28:30.793Z] Checked if tokens are valid: true, expires at: 1750947050641
[debug] [2025-06-26T13:28:30.794Z] >>> [apiv2][query] GET https://firestore.googleapis.com/v1/projects/echo-journal-hnzep/databases/(default)/collectionGroups/-/fields?filter=indexConfig.usesAncestorConfig=false OR ttlConfig:* [none]
[debug] [2025-06-26T13:28:31.766Z] <<< [apiv2][status] GET https://firestore.googleapis.com/v1/projects/echo-journal-hnzep/databases/(default)/collectionGroups/-/fields?filter=indexConfig.usesAncestorConfig=false OR ttlConfig:* 200
[debug] [2025-06-26T13:28:31.767Z] <<< [apiv2][body] GET https://firestore.googleapis.com/v1/projects/echo-journal-hnzep/databases/(default)/collectionGroups/-/fields?filter=indexConfig.usesAncestorConfig=false OR ttlConfig:* {"fields":[{"name":"projects/echo-journal-hnzep/databases/(default)/collectionGroups/__default__/fields/*","indexConfig":{"indexes":[{"queryScope":"COLLECTION","fields":[{"fieldPath":"*","order":"ASCENDING"}],"state":"READY"},{"queryScope":"COLLECTION","fields":[{"fieldPath":"*","order":"DESCENDING"}],"state":"READY"},{"queryScope":"COLLECTION","fields":[{"fieldPath":"*","arrayConfig":"CONTAINS"}],"state":"READY"}]}}]}
[info] +  firestore: deployed indexes in firestore.indexes.json successfully for (default) database 
[debug] [2025-06-26T13:28:31.770Z] Checked if tokens are valid: true, expires at: 1750947050641
[debug] [2025-06-26T13:28:31.770Z] Checked if tokens are valid: true, expires at: 1750947050641
[debug] [2025-06-26T13:28:31.770Z] >>> [apiv2][query] GET https://cloudbilling.googleapis.com/v1/projects/echo-journal-hnzep/billingInfo [none]
[debug] [2025-06-26T13:28:33.495Z] <<< [apiv2][status] GET https://cloudbilling.googleapis.com/v1/projects/echo-journal-hnzep/billingInfo 200
[debug] [2025-06-26T13:28:33.495Z] <<< [apiv2][body] GET https://cloudbilling.googleapis.com/v1/projects/echo-journal-hnzep/billingInfo {"name":"projects/echo-journal-hnzep/billingInfo","projectId":"echo-journal-hnzep","billingAccountName":"billingAccounts/01E238-AA0258-A1FE43","billingEnabled":true}
[info] i  hosting[echo-journal-hnzep]: beginning deploy... 
[info] i  hosting[echo-journal-hnzep]: found 16 files in out 
[debug] [2025-06-26T13:28:33.529Z] [hosting] uploading with 200 concurrency
[debug] [2025-06-26T13:28:33.530Z] [hosting] hash cache [b3V0] not populated
[debug] [2025-06-26T13:28:33.564Z] Checked if tokens are valid: true, expires at: 1750947050641
[debug] [2025-06-26T13:28:33.564Z] Checked if tokens are valid: true, expires at: 1750947050641
[debug] [2025-06-26T13:28:33.567Z] [hosting] hash cache [b3V0] stored for 16 files
[debug] [2025-06-26T13:28:33.567Z] [hosting][hash queue][FINAL] {"max":30,"min":27,"avg":27.5,"active":0,"complete":16,"success":16,"errored":0,"retried":0,"total":16,"elapsed":35}
[debug] [2025-06-26T13:28:33.567Z] >>> [apiv2][query] POST https://firebasehosting.googleapis.com/v1beta1/projects/1043477246116/sites/echo-journal-hnzep/versions/29816dd6ad22f67d:populateFiles [none]
[debug] [2025-06-26T13:28:33.567Z] >>> [apiv2][body] POST https://firebasehosting.googleapis.com/v1beta1/projects/1043477246116/sites/echo-journal-hnzep/versions/29816dd6ad22f67d:populateFiles {"files":{"/fallback-build-manifest.json":"6da326af5b0ab0fb089b0f77929ecd98e66c93f830728b943982d17cc747f124","/build-manifest.json":"6da326af5b0ab0fb089b0f77929ecd98e66c93f830728b943982d17cc747f124","/static/development/_ssgManifest.js":"89d3d8d2aeba4bad62062a0262dfcde3942d6d97c4eeed5f60aefa7ac91b750a","/static/development/_clientMiddlewareManifest.json":"61663fde99b3394d71653f41c19fe91269442622a4a6695f8352a70fbf5ca4c1","/server/server-reference-manifest.js":"8353547452572b56592a78231d6b00554e00973328ea855a36994f271a3867f0","/package.json":"56af12be733f159a0dc0786a45a8f341c536e23dd4f86d34f772a5938ef1edd1","/server/pages-manifest.json":"c48af1e2b469cf8c869097540babee7b3e9810571595fb4a312b69e12a372a8a","/app-build-manifest.json":"5a51aa18a2a4b60b63b8c10b14701246196af8ba1fdd74e40ea42c86cb9c321d","/server/server-reference-manifest.json":"952ecc2ce693d59b6ed64c3eaf82931ce5a58f0553e303235190435d550f6f28","/server/next-font-manifest.json":"947d4139d7f31d5094de53f0f15dc29edb69ee5d3beaa6763f616f07b957985c","/server/next-font-manifest.js":"48fbb375e74719134ec2977d2a340f2b50d27ef90a9bed72f67b07f3c5ddad64","/server/middleware-manifest.json":"d121256f83de05ece3389714dcc7cc2ba999f56ea2aa3e5e04601b2546392a3a","/static/development/_buildManifest.js":"778d91ba37a6ef999d27341f32de4fe62505744ba93a118c53b438a1f3cbc50d","/server/app-paths-manifest.json":"c48af1e2b469cf8c869097540babee7b3e9810571595fb4a312b69e12a372a8a","/server/interception-route-rewrite-manifest.js":"e04abe327185e4022ba73cb42474bb406daa92a6f7d85e4dfbcdf181a8cf9183","/server/middleware-build-manifest.js":"7c796f731afb922fd12532a9b1435a95b130c47fccd6b533a3665865daa3479d"}}
[debug] [2025-06-26T13:28:34.878Z] <<< [apiv2][status] POST https://firebasehosting.googleapis.com/v1beta1/projects/1043477246116/sites/echo-journal-hnzep/versions/29816dd6ad22f67d:populateFiles 200
[debug] [2025-06-26T13:28:34.878Z] <<< [apiv2][body] POST https://firebasehosting.googleapis.com/v1beta1/projects/1043477246116/sites/echo-journal-hnzep/versions/29816dd6ad22f67d:populateFiles {"uploadRequiredHashes":["6da326af5b0ab0fb089b0f77929ecd98e66c93f830728b943982d17cc747f124","48fbb375e74719134ec2977d2a340f2b50d27ef90a9bed72f67b07f3c5ddad64","61663fde99b3394d71653f41c19fe91269442622a4a6695f8352a70fbf5ca4c1","89d3d8d2aeba4bad62062a0262dfcde3942d6d97c4eeed5f60aefa7ac91b750a","947d4139d7f31d5094de53f0f15dc29edb69ee5d3beaa6763f616f07b957985c","7c796f731afb922fd12532a9b1435a95b130c47fccd6b533a3665865daa3479d","5a51aa18a2a4b60b63b8c10b14701246196af8ba1fdd74e40ea42c86cb9c321d","e04abe327185e4022ba73cb42474bb406daa92a6f7d85e4dfbcdf181a8cf9183","c48af1e2b469cf8c869097540babee7b3e9810571595fb4a312b69e12a372a8a","d121256f83de05ece3389714dcc7cc2ba999f56ea2aa3e5e04601b2546392a3a","778d91ba37a6ef999d27341f32de4fe62505744ba93a118c53b438a1f3cbc50d","8353547452572b56592a78231d6b00554e00973328ea855a36994f271a3867f0","952ecc2ce693d59b6ed64c3eaf82931ce5a58f0553e303235190435d550f6f28","56af12be733f159a0dc0786a45a8f341c536e23dd4f86d34f772a5938ef1edd1"],"uploadUrl":"https://upload-firebasehosting.googleapis.com/upload/sites/echo-journal-hnzep/versions/29816dd6ad22f67d/files"}
[debug] [2025-06-26T13:28:34.879Z] Checked if tokens are valid: true, expires at: 1750947050641
[debug] [2025-06-26T13:28:34.879Z] Checked if tokens are valid: true, expires at: 1750947050641
[debug] [2025-06-26T13:28:34.880Z] Checked if tokens are valid: true, expires at: 1750947050641
[debug] [2025-06-26T13:28:34.880Z] Checked if tokens are valid: true, expires at: 1750947050641
[debug] [2025-06-26T13:28:34.880Z] Checked if tokens are valid: true, expires at: 1750947050641
[debug] [2025-06-26T13:28:34.881Z] Checked if tokens are valid: true, expires at: 1750947050641
[debug] [2025-06-26T13:28:34.881Z] Checked if tokens are valid: true, expires at: 1750947050641
[debug] [2025-06-26T13:28:34.881Z] Checked if tokens are valid: true, expires at: 1750947050641
[debug] [2025-06-26T13:28:34.881Z] Checked if tokens are valid: true, expires at: 1750947050641
[debug] [2025-06-26T13:28:34.882Z] Checked if tokens are valid: true, expires at: 1750947050641
[debug] [2025-06-26T13:28:34.882Z] Checked if tokens are valid: true, expires at: 1750947050641
[debug] [2025-06-26T13:28:34.882Z] Checked if tokens are valid: true, expires at: 1750947050641
[debug] [2025-06-26T13:28:34.882Z] Checked if tokens are valid: true, expires at: 1750947050641
[debug] [2025-06-26T13:28:34.882Z] Checked if tokens are valid: true, expires at: 1750947050641
[debug] [2025-06-26T13:28:34.882Z] Checked if tokens are valid: true, expires at: 1750947050641
[debug] [2025-06-26T13:28:34.882Z] Checked if tokens are valid: true, expires at: 1750947050641
[debug] [2025-06-26T13:28:34.883Z] Checked if tokens are valid: true, expires at: 1750947050641
[debug] [2025-06-26T13:28:34.883Z] Checked if tokens are valid: true, expires at: 1750947050641
[debug] [2025-06-26T13:28:34.883Z] Checked if tokens are valid: true, expires at: 1750947050641
[debug] [2025-06-26T13:28:34.883Z] Checked if tokens are valid: true, expires at: 1750947050641
[debug] [2025-06-26T13:28:34.884Z] Checked if tokens are valid: true, expires at: 1750947050641
[debug] [2025-06-26T13:28:34.884Z] Checked if tokens are valid: true, expires at: 1750947050641
[debug] [2025-06-26T13:28:34.884Z] Checked if tokens are valid: true, expires at: 1750947050641
[debug] [2025-06-26T13:28:34.884Z] Checked if tokens are valid: true, expires at: 1750947050641
[debug] [2025-06-26T13:28:34.884Z] Checked if tokens are valid: true, expires at: 1750947050641
[debug] [2025-06-26T13:28:34.884Z] Checked if tokens are valid: true, expires at: 1750947050641
[debug] [2025-06-26T13:28:34.884Z] Checked if tokens are valid: true, expires at: 1750947050641
[debug] [2025-06-26T13:28:34.884Z] Checked if tokens are valid: true, expires at: 1750947050641
[debug] [2025-06-26T13:28:34.884Z] >>> [apiv2][query] POST https://upload-firebasehosting.googleapis.com/upload/sites/echo-journal-hnzep/versions/29816dd6ad22f67d/files/6da326af5b0ab0fb089b0f77929ecd98e66c93f830728b943982d17cc747f124 [none]
[debug] [2025-06-26T13:28:34.885Z] >>> [apiv2][body] POST https://upload-firebasehosting.googleapis.com/upload/sites/echo-journal-hnzep/versions/29816dd6ad22f67d/files/6da326af5b0ab0fb089b0f77929ecd98e66c93f830728b943982d17cc747f124 [stream]
[debug] [2025-06-26T13:28:34.888Z] >>> [apiv2][query] POST https://upload-firebasehosting.googleapis.com/upload/sites/echo-journal-hnzep/versions/29816dd6ad22f67d/files/48fbb375e74719134ec2977d2a340f2b50d27ef90a9bed72f67b07f3c5ddad64 [none]
[debug] [2025-06-26T13:28:34.888Z] >>> [apiv2][body] POST https://upload-firebasehosting.googleapis.com/upload/sites/echo-journal-hnzep/versions/29816dd6ad22f67d/files/48fbb375e74719134ec2977d2a340f2b50d27ef90a9bed72f67b07f3c5ddad64 [stream]
[debug] [2025-06-26T13:28:34.927Z] >>> [apiv2][query] POST https://upload-firebasehosting.googleapis.com/upload/sites/echo-journal-hnzep/versions/29816dd6ad22f67d/files/61663fde99b3394d71653f41c19fe91269442622a4a6695f8352a70fbf5ca4c1 [none]
[debug] [2025-06-26T13:28:34.927Z] >>> [apiv2][body] POST https://upload-firebasehosting.googleapis.com/upload/sites/echo-journal-hnzep/versions/29816dd6ad22f67d/files/61663fde99b3394d71653f41c19fe91269442622a4a6695f8352a70fbf5ca4c1 [stream]
[debug] [2025-06-26T13:28:34.928Z] >>> [apiv2][query] POST https://upload-firebasehosting.googleapis.com/upload/sites/echo-journal-hnzep/versions/29816dd6ad22f67d/files/89d3d8d2aeba4bad62062a0262dfcde3942d6d97c4eeed5f60aefa7ac91b750a [none]
[debug] [2025-06-26T13:28:34.928Z] >>> [apiv2][body] POST https://upload-firebasehosting.googleapis.com/upload/sites/echo-journal-hnzep/versions/29816dd6ad22f67d/files/89d3d8d2aeba4bad62062a0262dfcde3942d6d97c4eeed5f60aefa7ac91b750a [stream]
[debug] [2025-06-26T13:28:34.930Z] >>> [apiv2][query] POST https://upload-firebasehosting.googleapis.com/upload/sites/echo-journal-hnzep/versions/29816dd6ad22f67d/files/947d4139d7f31d5094de53f0f15dc29edb69ee5d3beaa6763f616f07b957985c [none]
[debug] [2025-06-26T13:28:34.931Z] >>> [apiv2][body] POST https://upload-firebasehosting.googleapis.com/upload/sites/echo-journal-hnzep/versions/29816dd6ad22f67d/files/947d4139d7f31d5094de53f0f15dc29edb69ee5d3beaa6763f616f07b957985c [stream]
[debug] [2025-06-26T13:28:34.933Z] >>> [apiv2][query] POST https://upload-firebasehosting.googleapis.com/upload/sites/echo-journal-hnzep/versions/29816dd6ad22f67d/files/7c796f731afb922fd12532a9b1435a95b130c47fccd6b533a3665865daa3479d [none]
[debug] [2025-06-26T13:28:34.934Z] >>> [apiv2][body] POST https://upload-firebasehosting.googleapis.com/upload/sites/echo-journal-hnzep/versions/29816dd6ad22f67d/files/7c796f731afb922fd12532a9b1435a95b130c47fccd6b533a3665865daa3479d [stream]
[debug] [2025-06-26T13:28:34.935Z] >>> [apiv2][query] POST https://upload-firebasehosting.googleapis.com/upload/sites/echo-journal-hnzep/versions/29816dd6ad22f67d/files/5a51aa18a2a4b60b63b8c10b14701246196af8ba1fdd74e40ea42c86cb9c321d [none]
[debug] [2025-06-26T13:28:34.935Z] >>> [apiv2][body] POST https://upload-firebasehosting.googleapis.com/upload/sites/echo-journal-hnzep/versions/29816dd6ad22f67d/files/5a51aa18a2a4b60b63b8c10b14701246196af8ba1fdd74e40ea42c86cb9c321d [stream]
[debug] [2025-06-26T13:28:34.936Z] >>> [apiv2][query] POST https://upload-firebasehosting.googleapis.com/upload/sites/echo-journal-hnzep/versions/29816dd6ad22f67d/files/e04abe327185e4022ba73cb42474bb406daa92a6f7d85e4dfbcdf181a8cf9183 [none]
[debug] [2025-06-26T13:28:34.936Z] >>> [apiv2][body] POST https://upload-firebasehosting.googleapis.com/upload/sites/echo-journal-hnzep/versions/29816dd6ad22f67d/files/e04abe327185e4022ba73cb42474bb406daa92a6f7d85e4dfbcdf181a8cf9183 [stream]
[debug] [2025-06-26T13:28:34.937Z] >>> [apiv2][query] POST https://upload-firebasehosting.googleapis.com/upload/sites/echo-journal-hnzep/versions/29816dd6ad22f67d/files/c48af1e2b469cf8c869097540babee7b3e9810571595fb4a312b69e12a372a8a [none]
[debug] [2025-06-26T13:28:34.937Z] >>> [apiv2][body] POST https://upload-firebasehosting.googleapis.com/upload/sites/echo-journal-hnzep/versions/29816dd6ad22f67d/files/c48af1e2b469cf8c869097540babee7b3e9810571595fb4a312b69e12a372a8a [stream]
[debug] [2025-06-26T13:28:34.938Z] >>> [apiv2][query] POST https://upload-firebasehosting.googleapis.com/upload/sites/echo-journal-hnzep/versions/29816dd6ad22f67d/files/d121256f83de05ece3389714dcc7cc2ba999f56ea2aa3e5e04601b2546392a3a [none]
[debug] [2025-06-26T13:28:34.938Z] >>> [apiv2][body] POST https://upload-firebasehosting.googleapis.com/upload/sites/echo-journal-hnzep/versions/29816dd6ad22f67d/files/d121256f83de05ece3389714dcc7cc2ba999f56ea2aa3e5e04601b2546392a3a [stream]
[debug] [2025-06-26T13:28:34.948Z] >>> [apiv2][query] POST https://upload-firebasehosting.googleapis.com/upload/sites/echo-journal-hnzep/versions/29816dd6ad22f67d/files/778d91ba37a6ef999d27341f32de4fe62505744ba93a118c53b438a1f3cbc50d [none]
[debug] [2025-06-26T13:28:34.949Z] >>> [apiv2][body] POST https://upload-firebasehosting.googleapis.com/upload/sites/echo-journal-hnzep/versions/29816dd6ad22f67d/files/778d91ba37a6ef999d27341f32de4fe62505744ba93a118c53b438a1f3cbc50d [stream]
[debug] [2025-06-26T13:28:34.949Z] >>> [apiv2][query] POST https://upload-firebasehosting.googleapis.com/upload/sites/echo-journal-hnzep/versions/29816dd6ad22f67d/files/8353547452572b56592a78231d6b00554e00973328ea855a36994f271a3867f0 [none]
[debug] [2025-06-26T13:28:34.949Z] >>> [apiv2][body] POST https://upload-firebasehosting.googleapis.com/upload/sites/echo-journal-hnzep/versions/29816dd6ad22f67d/files/8353547452572b56592a78231d6b00554e00973328ea855a36994f271a3867f0 [stream]
[debug] [2025-06-26T13:28:34.981Z] >>> [apiv2][query] POST https://upload-firebasehosting.googleapis.com/upload/sites/echo-journal-hnzep/versions/29816dd6ad22f67d/files/952ecc2ce693d59b6ed64c3eaf82931ce5a58f0553e303235190435d550f6f28 [none]
[debug] [2025-06-26T13:28:34.981Z] >>> [apiv2][body] POST https://upload-firebasehosting.googleapis.com/upload/sites/echo-journal-hnzep/versions/29816dd6ad22f67d/files/952ecc2ce693d59b6ed64c3eaf82931ce5a58f0553e303235190435d550f6f28 [stream]
[debug] [2025-06-26T13:28:34.982Z] >>> [apiv2][query] POST https://upload-firebasehosting.googleapis.com/upload/sites/echo-journal-hnzep/versions/29816dd6ad22f67d/files/56af12be733f159a0dc0786a45a8f341c536e23dd4f86d34f772a5938ef1edd1 [none]
[debug] [2025-06-26T13:28:34.985Z] >>> [apiv2][body] POST https://upload-firebasehosting.googleapis.com/upload/sites/echo-journal-hnzep/versions/29816dd6ad22f67d/files/56af12be733f159a0dc0786a45a8f341c536e23dd4f86d34f772a5938ef1edd1 [stream]
[debug] [2025-06-26T13:28:34.987Z] [hosting][populate queue][FINAL] {"max":1320,"min":1320,"avg":1320,"active":0,"complete":1,"success":1,"errored":0,"retried":0,"total":1,"elapsed":1423}
[debug] [2025-06-26T13:28:34.988Z] [hosting] uploads queued: 14
[debug] [2025-06-26T13:28:37.063Z] <<< [apiv2][status] POST https://upload-firebasehosting.googleapis.com/upload/sites/echo-journal-hnzep/versions/29816dd6ad22f67d/files/61663fde99b3394d71653f41c19fe91269442622a4a6695f8352a70fbf5ca4c1 200
[debug] [2025-06-26T13:28:37.095Z] <<< [apiv2][body] POST https://upload-firebasehosting.googleapis.com/upload/sites/echo-journal-hnzep/versions/29816dd6ad22f67d/files/61663fde99b3394d71653f41c19fe91269442622a4a6695f8352a70fbf5ca4c1 [stream]
[debug] [2025-06-26T13:28:37.096Z] <<< [apiv2][status] POST https://upload-firebasehosting.googleapis.com/upload/sites/echo-journal-hnzep/versions/29816dd6ad22f67d/files/89d3d8d2aeba4bad62062a0262dfcde3942d6d97c4eeed5f60aefa7ac91b750a 200
[debug] [2025-06-26T13:28:37.096Z] <<< [apiv2][body] POST https://upload-firebasehosting.googleapis.com/upload/sites/echo-journal-hnzep/versions/29816dd6ad22f67d/files/89d3d8d2aeba4bad62062a0262dfcde3942d6d97c4eeed5f60aefa7ac91b750a [stream]
[debug] [2025-06-26T13:28:37.097Z] <<< [apiv2][status] POST https://upload-firebasehosting.googleapis.com/upload/sites/echo-journal-hnzep/versions/29816dd6ad22f67d/files/c48af1e2b469cf8c869097540babee7b3e9810571595fb4a312b69e12a372a8a 200
[debug] [2025-06-26T13:28:37.097Z] <<< [apiv2][body] POST https://upload-firebasehosting.googleapis.com/upload/sites/echo-journal-hnzep/versions/29816dd6ad22f67d/files/c48af1e2b469cf8c869097540babee7b3e9810571595fb4a312b69e12a372a8a [stream]
[debug] [2025-06-26T13:28:37.097Z] <<< [apiv2][status] POST https://upload-firebasehosting.googleapis.com/upload/sites/echo-journal-hnzep/versions/29816dd6ad22f67d/files/5a51aa18a2a4b60b63b8c10b14701246196af8ba1fdd74e40ea42c86cb9c321d 200
[debug] [2025-06-26T13:28:37.097Z] <<< [apiv2][body] POST https://upload-firebasehosting.googleapis.com/upload/sites/echo-journal-hnzep/versions/29816dd6ad22f67d/files/5a51aa18a2a4b60b63b8c10b14701246196af8ba1fdd74e40ea42c86cb9c321d [stream]
[debug] [2025-06-26T13:28:37.098Z] <<< [apiv2][status] POST https://upload-firebasehosting.googleapis.com/upload/sites/echo-journal-hnzep/versions/29816dd6ad22f67d/files/d121256f83de05ece3389714dcc7cc2ba999f56ea2aa3e5e04601b2546392a3a 200
[debug] [2025-06-26T13:28:37.098Z] <<< [apiv2][body] POST https://upload-firebasehosting.googleapis.com/upload/sites/echo-journal-hnzep/versions/29816dd6ad22f67d/files/d121256f83de05ece3389714dcc7cc2ba999f56ea2aa3e5e04601b2546392a3a [stream]
[debug] [2025-06-26T13:28:37.099Z] <<< [apiv2][status] POST https://upload-firebasehosting.googleapis.com/upload/sites/echo-journal-hnzep/versions/29816dd6ad22f67d/files/56af12be733f159a0dc0786a45a8f341c536e23dd4f86d34f772a5938ef1edd1 200
[debug] [2025-06-26T13:28:37.099Z] <<< [apiv2][body] POST https://upload-firebasehosting.googleapis.com/upload/sites/echo-journal-hnzep/versions/29816dd6ad22f67d/files/56af12be733f159a0dc0786a45a8f341c536e23dd4f86d34f772a5938ef1edd1 [stream]
[debug] [2025-06-26T13:28:37.099Z] <<< [apiv2][status] POST https://upload-firebasehosting.googleapis.com/upload/sites/echo-journal-hnzep/versions/29816dd6ad22f67d/files/6da326af5b0ab0fb089b0f77929ecd98e66c93f830728b943982d17cc747f124 200
[debug] [2025-06-26T13:28:37.099Z] <<< [apiv2][body] POST https://upload-firebasehosting.googleapis.com/upload/sites/echo-journal-hnzep/versions/29816dd6ad22f67d/files/6da326af5b0ab0fb089b0f77929ecd98e66c93f830728b943982d17cc747f124 [stream]
[debug] [2025-06-26T13:28:37.100Z] <<< [apiv2][status] POST https://upload-firebasehosting.googleapis.com/upload/sites/echo-journal-hnzep/versions/29816dd6ad22f67d/files/778d91ba37a6ef999d27341f32de4fe62505744ba93a118c53b438a1f3cbc50d 200
[debug] [2025-06-26T13:28:37.100Z] <<< [apiv2][body] POST https://upload-firebasehosting.googleapis.com/upload/sites/echo-journal-hnzep/versions/29816dd6ad22f67d/files/778d91ba37a6ef999d27341f32de4fe62505744ba93a118c53b438a1f3cbc50d [stream]
[debug] [2025-06-26T13:28:37.333Z] <<< [apiv2][status] POST https://upload-firebasehosting.googleapis.com/upload/sites/echo-journal-hnzep/versions/29816dd6ad22f67d/files/e04abe327185e4022ba73cb42474bb406daa92a6f7d85e4dfbcdf181a8cf9183 200
[debug] [2025-06-26T13:28:37.333Z] <<< [apiv2][body] POST https://upload-firebasehosting.googleapis.com/upload/sites/echo-journal-hnzep/versions/29816dd6ad22f67d/files/e04abe327185e4022ba73cb42474bb406daa92a6f7d85e4dfbcdf181a8cf9183 [stream]
[debug] [2025-06-26T13:28:37.333Z] <<< [apiv2][status] POST https://upload-firebasehosting.googleapis.com/upload/sites/echo-journal-hnzep/versions/29816dd6ad22f67d/files/7c796f731afb922fd12532a9b1435a95b130c47fccd6b533a3665865daa3479d 200
[debug] [2025-06-26T13:28:37.333Z] <<< [apiv2][body] POST https://upload-firebasehosting.googleapis.com/upload/sites/echo-journal-hnzep/versions/29816dd6ad22f67d/files/7c796f731afb922fd12532a9b1435a95b130c47fccd6b533a3665865daa3479d [stream]
[debug] [2025-06-26T13:28:37.334Z] <<< [apiv2][status] POST https://upload-firebasehosting.googleapis.com/upload/sites/echo-journal-hnzep/versions/29816dd6ad22f67d/files/48fbb375e74719134ec2977d2a340f2b50d27ef90a9bed72f67b07f3c5ddad64 200
[debug] [2025-06-26T13:28:37.334Z] <<< [apiv2][body] POST https://upload-firebasehosting.googleapis.com/upload/sites/echo-journal-hnzep/versions/29816dd6ad22f67d/files/48fbb375e74719134ec2977d2a340f2b50d27ef90a9bed72f67b07f3c5ddad64 [stream]
[debug] [2025-06-26T13:28:37.335Z] <<< [apiv2][status] POST https://upload-firebasehosting.googleapis.com/upload/sites/echo-journal-hnzep/versions/29816dd6ad22f67d/files/947d4139d7f31d5094de53f0f15dc29edb69ee5d3beaa6763f616f07b957985c 200
[debug] [2025-06-26T13:28:37.335Z] <<< [apiv2][body] POST https://upload-firebasehosting.googleapis.com/upload/sites/echo-journal-hnzep/versions/29816dd6ad22f67d/files/947d4139d7f31d5094de53f0f15dc29edb69ee5d3beaa6763f616f07b957985c [stream]
[debug] [2025-06-26T13:28:37.336Z] <<< [apiv2][status] POST https://upload-firebasehosting.googleapis.com/upload/sites/echo-journal-hnzep/versions/29816dd6ad22f67d/files/952ecc2ce693d59b6ed64c3eaf82931ce5a58f0553e303235190435d550f6f28 200
[debug] [2025-06-26T13:28:37.337Z] <<< [apiv2][body] POST https://upload-firebasehosting.googleapis.com/upload/sites/echo-journal-hnzep/versions/29816dd6ad22f67d/files/952ecc2ce693d59b6ed64c3eaf82931ce5a58f0553e303235190435d550f6f28 [stream]
[debug] [2025-06-26T13:28:37.337Z] <<< [apiv2][status] POST https://upload-firebasehosting.googleapis.com/upload/sites/echo-journal-hnzep/versions/29816dd6ad22f67d/files/8353547452572b56592a78231d6b00554e00973328ea855a36994f271a3867f0 200
[debug] [2025-06-26T13:28:37.337Z] <<< [apiv2][body] POST https://upload-firebasehosting.googleapis.com/upload/sites/echo-journal-hnzep/versions/29816dd6ad22f67d/files/8353547452572b56592a78231d6b00554e00973328ea855a36994f271a3867f0 [stream]
[debug] [2025-06-26T13:28:37.337Z] [hosting][upload queue][FINAL] {"max":2454,"min":2215,"avg":2317.4999999999995,"active":0,"complete":14,"success":14,"errored":0,"retried":0,"total":14,"elapsed":2458}
[info] +  hosting[echo-journal-hnzep]: file upload complete 
[debug] [2025-06-26T13:28:37.381Z] [hosting] deploy completed after 3879ms
[debug] [2025-06-26T13:28:37.383Z] Checked if tokens are valid: true, expires at: 1750947050641
[debug] [2025-06-26T13:28:37.383Z] Checked if tokens are valid: true, expires at: 1750947050641
[debug] [2025-06-26T13:28:37.383Z] >>> [apiv2][query] GET https://storage.googleapis.com/storage/v1/b/firebaseapphosting-sources-1043477246116-us-central1 [none]
